# JRE version: OpenJDK Runtime Environment (19.0.1+10) (build 19.0.1+10-21)
# Java VM: OpenJDK 64-Bit Server VM (19.0.1+10-21, mixed mode, sharing, tiered, compressed oops, compressed class ptrs, g1 gc, windows-amd64)
GC Precious Log:
 CardTable entry size: 512
 Card Set container configuration: InlinePtr #cards 4 size 8 Array Of Cards #cards 16 size 48 Howl #buckets 8 coarsen threshold 3686 Howl Bitmap #cards 512 size 80 coarsen threshold 460 Card regions per heap region 1 cards per card region 4096
 CPUs: 16 total, 16 available
 Memory: 15713M
 Large Page Support: Disabled
 NUMA Support: Disabled
 Compressed Oops: Enabled (Zero based)
 Heap Region Size: 2M
 Heap Min Capacity: 8M
 Heap Initial Capacity: 246M
 Heap Max Capacity: 3930M
 Pre-touch: Disabled
 Parallel Workers: 13
 Concurrent Workers: 3
 Concurrent Refinement Workers: 13
 Periodic GC: Disabled
Heap:
 garbage-first heap   total 57344K, used 28774K [0x000000070a600000, 0x0000000800000000)
  region size 2048K, 5 young (10240K), 1 survivors (2048K)
 Metaspace       used 27159K, committed 27520K, reserved 1114112K
  class space    used 3548K, committed 3712K, reserved 1048576K
GC Heap History (10 events):
Event: 0.964 GC heap before
{Heap before GC invocations=0 (full 0):
 garbage-first heap   total 251904K, used 22528K [0x000000070a600000, 0x0000000800000000)
  region size 2048K, 11 young (22528K), 0 survivors (0K)
 Metaspace       used 4662K, committed 4864K, reserved 1114112K
  class space    used 494K, committed 576K, reserved 1048576K
}
Event: 0.969 GC heap after
{Heap after GC invocations=1 (full 0):
 garbage-first heap   total 251904K, used 2996K [0x000000070a600000, 0x0000000800000000)
  region size 2048K, 2 young (4096K), 2 survivors (4096K)
 Metaspace       used 4662K, committed 4864K, reserved 1114112K
  class space    used 494K, committed 576K, reserved 1048576K
}
Event: 2.028 GC heap before
{Heap before GC invocations=1 (full 0):
 garbage-first heap   total 251904K, used 37812K [0x000000070a600000, 0x0000000800000000)
  region size 2048K, 20 young (40960K), 2 survivors (4096K)
 Metaspace       used 14772K, committed 15040K, reserved 1114112K
  class space    used 2168K, committed 2304K, reserved 1048576K
}
Event: 2.037 GC heap after
{Heap after GC invocations=2 (full 0):
 garbage-first heap   total 251904K, used 7395K [0x000000070a600000, 0x0000000800000000)
  region size 2048K, 3 young (6144K), 3 survivors (6144K)
 Metaspace       used 14772K, committed 15040K, reserved 1114112K
  class space    used 2168K, committed 2304K, reserved 1048576K
}
Event: 10.055 GC heap before
{Heap before GC invocations=2 (full 0):
 garbage-first heap   total 251904K, used 21731K [0x000000070a600000, 0x0000000800000000)
  region size 2048K, 10 young (20480K), 3 survivors (6144K)
 Metaspace       used 21204K, committed 21504K, reserved 1114112K
  class space    used 2838K, committed 3008K, reserved 1048576K
}
Event: 10.064 GC heap after
{Heap after GC invocations=3 (full 0):
 garbage-first heap   total 251904K, used 12147K [0x000000070a600000, 0x0000000800000000)
  region size 2048K, 5 young (10240K), 5 survivors (10240K)
 Metaspace       used 21204K, committed 21504K, reserved 1114112K
  class space    used 2838K, committed 3008K, reserved 1048576K
}
Event: 12.685 GC heap before
{Heap before GC invocations=4 (full 0):
 garbage-first heap   total 55296K, used 40819K [0x000000070a600000, 0x0000000800000000)
  region size 2048K, 16 young (32768K), 5 survivors (10240K)
 Metaspace       used 25754K, committed 26176K, reserved 1114112K
  class space    used 3453K, committed 3648K, reserved 1048576K
}
Event: 12.704 GC heap after
{Heap after GC invocations=5 (full 0):
 garbage-first heap   total 57344K, used 21715K [0x000000070a600000, 0x0000000800000000)
  region size 2048K, 2 young (4096K), 2 survivors (4096K)
 Metaspace       used 25754K, committed 26176K, reserved 1114112K
  class space    used 3453K, committed 3648K, reserved 1048576K
}
Event: 12.811 GC heap before
{Heap before GC invocations=5 (full 0):
 garbage-first heap   total 57344K, used 23763K [0x000000070a600000, 0x0000000800000000)
  region size 2048K, 3 young (6144K), 2 survivors (4096K)
 Metaspace       used 26101K, committed 26496K, reserved 1114112K
  class space    used 3474K, committed 3648K, reserved 1048576K
}
Event: 12.818 GC heap after
{Heap after GC invocations=6 (full 0):
 garbage-first heap   total 57344K, used 22630K [0x000000070a600000, 0x0000000800000000)
  region size 2048K, 1 young (2048K), 1 survivors (2048K)
 Metaspace       used 26101K, committed 26496K, reserved 1114112K
  class space    used 3474K, committed 3648K, reserved 1048576K
}

